<?xml version="1.0" encoding="UTF-8"?>
<robot generator="Robot 4.0.1 (Python 3.9.2 on win32)" generated="20210421 15:10:57.106" rpa="false" schemaversion="2">
<suite id="s1" name="Tests" source="C:\robot_tranning\tests">
<suite id="s1-s1" name="TestSiteBDD" source="C:\robot_tranning\tests\TestSiteBDD.robot">
<test id="s1-s1-t1" name="Cenário 03: Listar Produtos">
<kw name="Abrir Navegador" library="resources" type="SETUP">
<kw name="Open Browser" library="SeleniumLibrary">
<arg>about:blank</arg>
<arg>${BROWSER}</arg>
<doc>Opens a new browser instance to the optional ``url``.</doc>
<msg timestamp="20210421 15:10:57.357" level="INFO">Opening browser 'chrome' to base url 'about:blank'.</msg>
<status status="PASS" starttime="20210421 15:10:57.357" endtime="20210421 15:10:58.608"/>
</kw>
<status status="PASS" starttime="20210421 15:10:57.356" endtime="20210421 15:10:58.608"/>
</kw>
<kw name="Dado que estou na página home do site" library="resources">
<kw name="Go To" library="SeleniumLibrary">
<arg>${URL}</arg>
<doc>Navigates the current browser window to the provided ``url``.</doc>
<msg timestamp="20210421 15:10:58.609" level="INFO">Opening url 'http://automationpractice.com'</msg>
<status status="PASS" starttime="20210421 15:10:58.609" endtime="20210421 15:11:02.922"/>
</kw>
<kw name="Title Should Be" library="SeleniumLibrary">
<arg>My Store</arg>
<doc>Verifies that the current page title equals ``title``.</doc>
<msg timestamp="20210421 15:11:02.935" level="INFO">Page title is 'My Store'.</msg>
<status status="PASS" starttime="20210421 15:11:02.922" endtime="20210421 15:11:02.936"/>
</kw>
<status status="PASS" starttime="20210421 15:10:58.609" endtime="20210421 15:11:02.936"/>
</kw>
<kw name="Quando passo o mouse por cima da categoria &quot;Women&quot; no menu principal superior de categorias" library="resources">
<kw name="Click Link" library="SeleniumLibrary">
<arg>href=http://automationpractice.com/index.php?id_category=3&amp;amp</arg>
<doc>Clicks a link identified by ``locator``.</doc>
<msg timestamp="20210421 15:11:02.937" level="INFO">Clicking link 'href=http://automationpractice.com/index.php?id_category=3&amp;amp'.</msg>
<kw name="Capture Page Screenshot" library="SeleniumLibrary">
<doc>Takes a screenshot of the current page and embeds it into a log file.</doc>
<msg timestamp="20210421 15:11:03.212" level="INFO" html="true">&lt;/td&gt;&lt;/tr&gt;&lt;tr&gt;&lt;td colspan="3"&gt;&lt;a href="selenium-screenshot-11.png"&gt;&lt;img src="selenium-screenshot-11.png" width="800px"&gt;&lt;/a&gt;</msg>
<status status="PASS" starttime="20210421 15:11:02.960" endtime="20210421 15:11:03.213"/>
</kw>
<msg timestamp="20210421 15:11:03.216" level="FAIL">Link with locator 'href=http://automationpractice.com/index.php?id_category=3&amp;amp' not found.</msg>
<status status="FAIL" starttime="20210421 15:11:02.937" endtime="20210421 15:11:03.216"/>
</kw>
<status status="FAIL" starttime="20210421 15:11:02.937" endtime="20210421 15:11:03.216"/>
</kw>
<kw name="Fechar Navegador" library="resources" type="TEARDOWN">
<kw name="Close Browser" library="SeleniumLibrary">
<doc>Closes the current browser.</doc>
<status status="PASS" starttime="20210421 15:11:03.217" endtime="20210421 15:11:05.346"/>
</kw>
<status status="PASS" starttime="20210421 15:11:03.217" endtime="20210421 15:11:05.347"/>
</kw>
<status status="FAIL" starttime="20210421 15:10:57.356" endtime="20210421 15:11:05.348">Link with locator 'href=http://automationpractice.com/index.php?id_category=3&amp;amp' not found.</status>
</test>
<status status="FAIL" starttime="20210421 15:10:57.132" endtime="20210421 15:11:05.353"/>
</suite>
<status status="FAIL" starttime="20210421 15:10:57.108" endtime="20210421 15:11:05.360"/>
</suite>
<statistics>
<total>
<stat pass="0" fail="1" skip="0">All Tests</stat>
</total>
<tag>
</tag>
<suite>
<stat pass="0" fail="1" skip="0" id="s1" name="Tests">Tests</stat>
<stat pass="0" fail="1" skip="0" id="s1-s1" name="TestSiteBDD">Tests.TestSiteBDD</stat>
</suite>
</statistics>
<errors>
</errors>
</robot>
